<?xml version="1.0" encoding="UTF-8"?>
<!-- Generated by org.testng.reporters.JUnitXMLReporter -->
<testsuite hostname="HIBACL101452" ignored="0" name="Test" tests="3" failures="0" timestamp="17 Jun 2021 16:45:25 GMT" time="22.985" errors="0">
  <testcase name="@BeforeMethod launchAndLogin" time="19.658" classname="com.bacancyTechnology.refinedDataApp.testcases.CRUDOperationTest">
    <failure type="org.openqa.selenium.StaleElementReferenceException" message="stale element reference: element is not attached to the page document
  (Session info: chrome=91.0.4472.106)
For documentation on this error, please visit: https://www.seleniumhq.org/exceptions/stale_element_reference.html
Build info: version: &amp;apos;3.141.59&amp;apos;, revision: &amp;apos;e82be7d358&amp;apos;, time: &amp;apos;2018-11-14T08:17:03&amp;apos;
System info: host: &amp;apos;HIBACL101452&amp;apos;, ip: &amp;apos;10.0.243.159&amp;apos;, os.name: &amp;apos;Windows 10&amp;apos;, os.arch: &amp;apos;amd64&amp;apos;, os.version: &amp;apos;10.0&amp;apos;, java.version: &amp;apos;1.8.0_241&amp;apos;
Driver info: org.openqa.selenium.chrome.ChromeDriver
Capabilities {acceptInsecureCerts: false, browserName: chrome, browserVersion: 91.0.4472.106, chrome: {chromedriverVersion: 91.0.4472.101 (af52a90bf870..., userDataDir: C:\Users\arout3\AppData\Loc...}, goog:chromeOptions: {debuggerAddress: localhost:60575}, javascriptEnabled: true, networkConnectionEnabled: false, pageLoadStrategy: normal, platform: WINDOWS, platformName: WINDOWS, proxy: Proxy(), setWindowRect: true, strictFileInteractability: false, timeouts: {implicit: 0, pageLoad: 300000, script: 30000}, unhandledPromptBehavior: dismiss and notify, webauthn:extension:largeBlob: true, webauthn:virtualAuthenticators: true}
Session ID: 7d4f7b51e0ca4a57ce48a876b5dec8ae">
      <![CDATA[org.openqa.selenium.StaleElementReferenceException: stale element reference: element is not attached to the page document
  (Session info: chrome=91.0.4472.106)
For documentation on this error, please visit: https://www.seleniumhq.org/exceptions/stale_element_reference.html
Build info: version: '3.141.59', revision: 'e82be7d358', time: '2018-11-14T08:17:03'
System info: host: 'HIBACL101452', ip: '10.0.243.159', os.name: 'Windows 10', os.arch: 'amd64', os.version: '10.0', java.version: '1.8.0_241'
Driver info: org.openqa.selenium.chrome.ChromeDriver
Capabilities {acceptInsecureCerts: false, browserName: chrome, browserVersion: 91.0.4472.106, chrome: {chromedriverVersion: 91.0.4472.101 (af52a90bf870..., userDataDir: C:\Users\arout3\AppData\Loc...}, goog:chromeOptions: {debuggerAddress: localhost:60575}, javascriptEnabled: true, networkConnectionEnabled: false, pageLoadStrategy: normal, platform: WINDOWS, platformName: WINDOWS, proxy: Proxy(), setWindowRect: true, strictFileInteractability: false, timeouts: {implicit: 0, pageLoad: 300000, script: 30000}, unhandledPromptBehavior: dismiss and notify, webauthn:extension:largeBlob: true, webauthn:virtualAuthenticators: true}
Session ID: 7d4f7b51e0ca4a57ce48a876b5dec8ae
at org.openqa.selenium.remote.http.W3CHttpResponseCodec.createException(W3CHttpResponseCodec.java:187)
at org.openqa.selenium.remote.http.W3CHttpResponseCodec.decode(W3CHttpResponseCodec.java:122)
at org.openqa.selenium.remote.http.W3CHttpResponseCodec.decode(W3CHttpResponseCodec.java:49)
at org.openqa.selenium.remote.HttpCommandExecutor.execute(HttpCommandExecutor.java:158)
at org.openqa.selenium.remote.service.DriverCommandExecutor.execute(DriverCommandExecutor.java:83)
at org.openqa.selenium.remote.RemoteWebDriver.execute(RemoteWebDriver.java:552)
at org.openqa.selenium.remote.RemoteWebElement.execute(RemoteWebElement.java:285)
at org.openqa.selenium.remote.RemoteWebElement.isDisplayed(RemoteWebElement.java:326)
at org.openqa.selenium.support.pagefactory.internal.LocatingElementHandler.invoke(LocatingElementHandler.java:51)
at com.sun.proxy.$Proxy12.isDisplayed(Unknown Source)
at org.openqa.selenium.support.ui.ExpectedConditions.elementIfVisible(ExpectedConditions.java:314)
at org.openqa.selenium.support.ui.ExpectedConditions.access$000(ExpectedConditions.java:43)
at org.openqa.selenium.support.ui.ExpectedConditions$10.apply(ExpectedConditions.java:300)
at org.openqa.selenium.support.ui.ExpectedConditions$10.apply(ExpectedConditions.java:297)
at org.openqa.selenium.support.ui.FluentWait.until(FluentWait.java:249)
at com.bacancyTechnology.refinedDataApp.pages.LoginPage.signInWithValidCredentials(LoginPage.java:34)
at com.bacancyTechnology.refinedDataApp.testcases.CRUDOperationTest.launchAndLogin(CRUDOperationTest.java:45)
... Removed 36 stack frames]]>
    </failure>
  </testcase> <!-- @BeforeMethod launchAndLogin -->
  <testcase name="@AfterMethod logout" time="0.0" classname="com.bacancyTechnology.refinedDataApp.testcases.CRUDOperationTest">
    <skipped/>
  </testcase> <!-- @AfterMethod logout -->
  <testcase name="@BeforeMethod launchAndLogin" time="0.0" classname="com.bacancyTechnology.refinedDataApp.testcases.CRUDOperationTest">
    <skipped/>
  </testcase> <!-- @BeforeMethod launchAndLogin -->
  <testcase name="@AfterMethod logout" time="0.0" classname="com.bacancyTechnology.refinedDataApp.testcases.CRUDOperationTest">
    <skipped/>
  </testcase> <!-- @AfterMethod logout -->
  <testcase name="@BeforeMethod launchAndLogin" time="0.0" classname="com.bacancyTechnology.refinedDataApp.testcases.CRUDOperationTest">
    <skipped/>
  </testcase> <!-- @BeforeMethod launchAndLogin -->
  <testcase name="@AfterMethod logout" time="0.0" classname="com.bacancyTechnology.refinedDataApp.testcases.CRUDOperationTest">
    <skipped/>
  </testcase> <!-- @AfterMethod logout -->
  <testcase name="@AfterClass quit" time="0.0" classname="com.bacancyTechnology.refinedDataApp.testcases.CRUDOperationTest">
    <skipped/>
  </testcase> <!-- @AfterClass quit -->
  <testcase name="createAnEnvironmentalReport" time="0.0" classname="com.bacancyTechnology.refinedDataApp.testcases.CRUDOperationTest">
    <skipped/>
  </testcase> <!-- createAnEnvironmentalReport -->
  <testcase name="updateEnvironmentalReport" time="0.0" classname="com.bacancyTechnology.refinedDataApp.testcases.CRUDOperationTest">
    <skipped/>
  </testcase> <!-- updateEnvironmentalReport -->
  <testcase name="deleteEnvironmentalReport" time="0.0" classname="com.bacancyTechnology.refinedDataApp.testcases.CRUDOperationTest">
    <skipped/>
  </testcase> <!-- deleteEnvironmentalReport -->
</testsuite> <!-- Test -->
